2020-04-25 20:39:13.457  WARN 67410 --- [restartedMain] o.s.boot.StartupInfoLogger               : InetAddress.getLocalHost().getHostName() took 5003 milliseconds to respond. Please verify your network configuration (macOS machines may need to add entries to /etc/hosts).
2020-04-25 20:39:18.463  INFO 67410 --- [restartedMain] l.m.c.community.CommunityApplication     : Starting CommunityApplication on changjiangdeMacBook-Air.local with PID 67410 (/Users/tsunekou/Documents/code/project/demo/Java/community/target/classes started by tsunekou in /Users/tsunekou/Documents/code/project/demo/Java/community)
2020-04-25 20:39:18.464  INFO 67410 --- [restartedMain] l.m.c.community.CommunityApplication     : No active profile set, falling back to default profiles: default
2020-04-25 20:39:18.740  INFO 67410 --- [restartedMain] .s.d.r.c.RepositoryConfigurationDelegate : Bootstrapping Spring Data JPA repositories in DEFAULT mode.
2020-04-25 20:39:18.747  INFO 67410 --- [restartedMain] .s.d.r.c.RepositoryConfigurationDelegate : Finished Spring Data repository scanning in 6ms. Found 0 JPA repository interfaces.
2020-04-25 20:39:18.909  INFO 67410 --- [restartedMain] o.s.b.w.embedded.tomcat.TomcatWebServer  : Tomcat initialized with port(s): 8080 (http)
2020-04-25 20:39:18.911  INFO 67410 --- [restartedMain] o.apache.catalina.core.StandardService   : Starting service [Tomcat]
2020-04-25 20:39:18.911  INFO 67410 --- [restartedMain] org.apache.catalina.core.StandardEngine  : Starting Servlet engine: [Apache Tomcat/9.0.33]
2020-04-25 20:39:18.925  INFO 67410 --- [restartedMain] o.a.c.c.C.[Tomcat].[localhost].[/]       : Initializing Spring embedded WebApplicationContext
2020-04-25 20:39:18.925  INFO 67410 --- [restartedMain] o.s.web.context.ContextLoader            : Root WebApplicationContext: initialization completed in 458 ms
2020-04-25 20:39:18.946  INFO 67410 --- [restartedMain] com.zaxxer.hikari.HikariDataSource       : HikariPool-6 - Starting...
2020-04-25 20:39:18.953  INFO 67410 --- [restartedMain] com.zaxxer.hikari.HikariDataSource       : HikariPool-6 - Start completed.
2020-04-25 20:39:18.953  INFO 67410 --- [restartedMain] o.s.b.a.h2.H2ConsoleAutoConfiguration    : H2 console available at '/h2-console'. Database available at 'jdbc:mysql://localhost:3306/rumen?characterEncoding=utf8&useSSL=false'
2020-04-25 20:39:18.988  INFO 67410 --- [restartedMain] o.hibernate.jpa.internal.util.LogHelper  : HHH000204: Processing PersistenceUnitInfo [name: default]
2020-04-25 20:39:18.994  INFO 67410 --- [restartedMain] org.hibernate.dialect.Dialect            : HHH000400: Using dialect: org.hibernate.dialect.MySQL57Dialect
2020-04-25 20:39:19.008  INFO 67410 --- [restartedMain] o.h.e.t.j.p.i.JtaPlatformInitiator       : HHH000490: Using JtaPlatform implementation: [org.hibernate.engine.transaction.jta.platform.internal.NoJtaPlatform]
2020-04-25 20:39:19.008  INFO 67410 --- [restartedMain] j.LocalContainerEntityManagerFactoryBean : Initialized JPA EntityManagerFactory for persistence unit 'default'
2020-04-25 20:39:19.202  WARN 67410 --- [restartedMain] JpaBaseConfiguration$JpaWebConfiguration : spring.jpa.open-in-view is enabled by default. Therefore, database queries may be performed during view rendering. Explicitly configure spring.jpa.open-in-view to disable this warning
2020-04-25 20:39:19.249  INFO 67410 --- [restartedMain] o.s.s.concurrent.ThreadPoolTaskExecutor  : Initializing ExecutorService 'applicationTaskExecutor'
2020-04-25 20:39:19.266  INFO 67410 --- [restartedMain] o.s.b.a.w.s.WelcomePageHandlerMapping    : Adding welcome page template: index
2020-04-25 20:39:19.355  INFO 67410 --- [restartedMain] o.s.b.d.a.OptionalLiveReloadServer       : LiveReload server is running on port 35729
2020-04-25 20:39:19.375  INFO 67410 --- [restartedMain] o.s.b.w.embedded.tomcat.TomcatWebServer  : Tomcat started on port(s): 8080 (http) with context path ''
2020-04-25 20:39:19.376  INFO 67410 --- [restartedMain] l.m.c.community.CommunityApplication     : Started CommunityApplication in 16.01 seconds (JVM running for 1025.968)
2020-04-25 20:39:19.378  INFO 67410 --- [restartedMain] .ConditionEvaluationDeltaLoggingListener : Condition evaluation unchanged
2020-04-25 20:40:23.028  INFO 67410 --- [Thread-78] o.s.s.concurrent.ThreadPoolTaskExecutor  : Shutting down ExecutorService 'applicationTaskExecutor'
2020-04-25 20:40:23.031  INFO 67410 --- [Thread-78] j.LocalContainerEntityManagerFactoryBean : Closing JPA EntityManagerFactory for persistence unit 'default'
2020-04-25 20:40:23.032  INFO 67410 --- [Thread-78] com.zaxxer.hikari.HikariDataSource       : HikariPool-6 - Shutdown initiated...
2020-04-25 20:40:23.038  INFO 67410 --- [Thread-78] com.zaxxer.hikari.HikariDataSource       : HikariPool-6 - Shutdown completed.
